2024-09-13 17:01:25,897 - AuthXEngine - INFO - File: engine.py, Function: __init__, Line: 31 - Engine Configured URL: [://:***@:-1/?application_name=AuthX]
2024-09-13 22:38:28,040 - AuthXEngine - INFO - File: engine.py, Function: __init__, Line: 31 - Engine Configured URL: [://:***@:-1/?application_name=AuthX]
2024-09-13 22:43:47,281 - AuthXEngine - INFO - File: engine.py, Function: __init__, Line: 31 - Engine Configured URL: [://:***@:-1/?application_name=AuthX]
2024-09-13 22:47:07,537 - AuthXEngine - INFO - File: engine.py, Function: __init__, Line: 31 - Engine Configured URL: [://:***@:-1/?application_name=AuthX]
2024-09-13 22:53:33,597 - AuthXEngine - INFO - File: engine.py, Function: __init__, Line: 31 - Engine Configured URL: [://:***@:-1/?application_name=AuthX]
2024-09-13 22:53:42,203 - AuthXEngine - INFO - File: engine.py, Function: __init__, Line: 31 - Engine Configured URL: [://:***@:-1/?application_name=AuthX]
2024-09-13 22:58:24,127 - AuthXEngine - INFO - File: engine.py, Function: __init__, Line: 31 - Engine Configured URL: [://:***@:-1/?application_name=AuthX]
2024-09-13 23:02:56,056 - AuthXEngine - INFO - File: engine.py, Function: __init__, Line: 31 - Engine Configured URL: [postgresql+pg8000://authx_user:***@localhost:5432/authx_db?application_name=AuthX]
2024-09-13 23:03:00,729 - AuthXEngine - INFO - File: engine.py, Function: __init__, Line: 31 - Engine Configured URL: [postgresql+pg8000://authx_user:***@localhost:5432/authx_db?application_name=AuthX]
2024-09-13 23:12:48,641 - AuthXEngine - INFO - File: engine.py, Function: __init__, Line: 31 - Engine Configured URL: [postgresql+pg8000://authx_user:***@localhost:5432/authx_db?application_name=AuthX]
2024-09-13 23:15:18,089 - AuthXEngine - INFO - File: engine.py, Function: __init__, Line: 31 - Engine Configured URL: [postgresql+pg8000://authx_user:***@localhost:5432/authx_db?application_name=AuthX]
2024-09-13 23:20:06,378 - AuthXEngine - INFO - File: engine.py, Function: __init__, Line: 31 - Engine Configured URL: [postgresql+pg8000://authx_user:***@localhost:5432/authx_db?application_name=AuthX]
2024-09-13 23:20:15,422 - AuthXEngine - INFO - File: engine.py, Function: __init__, Line: 31 - Engine Configured URL: [postgresql+pg8000://authx_user:***@localhost:5432/authx_db?application_name=AuthX]
2024-09-13 23:54:54,993 - AuthXEngine - INFO - File: engine.py, Function: __init__, Line: 31 - Engine Configured URL: [postgresql+pg8000://authx_user:***@localhost:5432/authx_db?application_name=AuthX]
2024-09-14 06:33:20,121 - AuthXEngine - INFO - File: engine.py, Function: __init__, Line: 31 - Engine Configured URL: [postgresql+pg8000://authx_user:***@localhost:5432/authx_db?application_name=AuthX]
2024-09-20 07:25:21,903 - AuthXEngine - INFO - File: engine.py, Function: __init__, Line: 31 - Engine Configured URL: [postgresql+pg8000://authx_user:***@localhost:5432/authx_db?application_name=AuthX]
2024-09-20 07:37:15,470 - AuthXEngine - INFO - File: engine.py, Function: __init__, Line: 31 - Engine Configured URL: [postgresql+pg8000://authx_user:***@localhost:5432/authx_db?application_name=AuthX]
2024-09-20 07:41:48,936 - AuthXEngine - INFO - File: engine.py, Function: __init__, Line: 31 - Engine Configured URL: [postgresql+pg8000://authx_user:***@localhost:5432/authx_db?application_name=AuthX]
2024-09-20 07:44:00,634 - AuthXEngine - INFO - File: engine.py, Function: __init__, Line: 31 - Engine Configured URL: [postgresql+pg8000://authx_user:***@localhost:5432/authx_db?application_name=AuthX]
2024-09-20 07:51:26,125 - AuthXEngine - INFO - File: engine.py, Function: __init__, Line: 31 - Engine Configured URL: [postgresql+pg8000://authx_user:***@localhost:5432/authx_db?application_name=AuthX]
2024-09-20 07:51:47,067 - AuthXEngine - INFO - File: engine.py, Function: __init__, Line: 31 - Engine Configured URL: [postgresql+pg8000://authx_user:***@localhost:5432/authx_db?application_name=AuthX]
2024-09-20 07:57:06,033 - AuthXEngine - INFO - File: engine.py, Function: __init__, Line: 31 - Engine Configured URL: [postgresql+pg8000://authx_user:***@localhost:5432/authx_db?application_name=AuthX]
2024-09-20 08:00:53,033 - AuthXEngine - INFO - File: engine.py, Function: __init__, Line: 31 - Engine Configured URL: [postgresql+pg8000://authx_user:***@localhost:5432/authx_db?application_name=AuthX]
2024-09-20 08:01:00,216 - AuthXEngine - INFO - File: engine.py, Function: __init__, Line: 31 - Engine Configured URL: [postgresql+pg8000://authx_user:***@localhost:5432/authx_db?application_name=AuthX]
2024-09-20 08:02:23,194 - AuthXEngine - INFO - File: engine.py, Function: __init__, Line: 31 - Engine Configured URL: [postgresql+pg8000://authx_user:***@localhost:5432/authx_db?application_name=AuthX]
2024-09-20 08:03:33,471 - AuthXEngine - INFO - File: engine.py, Function: __init__, Line: 31 - Engine Configured URL: [postgresql+pg8000://authx_user:***@localhost:5432/authx_db?application_name=AuthX]
2024-09-20 08:03:52,187 - AuthXEngine - INFO - File: engine.py, Function: __init__, Line: 31 - Engine Configured URL: [postgresql+pg8000://authx_user:***@localhost:5432/authx_db?application_name=AuthX]
2024-09-20 08:03:56,157 - AuthXEngine - INFO - File: engine.py, Function: __init__, Line: 31 - Engine Configured URL: [postgresql+pg8000://authx_user:***@localhost:5432/authx_db?application_name=AuthX]
2024-09-20 08:04:13,347 - AuthXEngine - INFO - File: engine.py, Function: __init__, Line: 31 - Engine Configured URL: [postgresql+pg8000://authx_user:***@localhost:5432/authx_db?application_name=AuthX]
2024-09-20 08:04:57,567 - AuthXEngine - INFO - File: engine.py, Function: __init__, Line: 31 - Engine Configured URL: [postgresql+pg8000://authx_user:***@localhost:5432/authx_db?application_name=AuthX]
2024-09-20 08:09:46,004 - AuthXEngine - INFO - File: engine.py, Function: __init__, Line: 31 - Engine Configured URL: [postgresql+pg8000://authx_user:***@localhost:5432/authx_db?application_name=AuthX]
2024-09-20 08:10:03,581 - AuthXEngine - INFO - File: engine.py, Function: __init__, Line: 31 - Engine Configured URL: [postgresql+pg8000://authx_user:***@localhost:5432/authx_db?application_name=AuthX]
2024-09-20 08:15:03,827 - AuthXEngine - INFO - File: engine.py, Function: __init__, Line: 31 - Engine Configured URL: [postgresql+pg8000://authx_user:***@localhost:5432/authx_db?application_name=AuthX]
2024-09-20 08:17:14,529 - AuthXEngine - INFO - File: engine.py, Function: __init__, Line: 31 - Engine Configured URL: [postgresql+pg8000://authx_user:***@localhost:5432/authx_db?application_name=AuthX]
2024-09-20 08:18:03,109 - AuthXEngine - INFO - File: engine.py, Function: __init__, Line: 31 - Engine Configured URL: [postgresql+pg8000://authx_user:***@localhost:5432/authx_db?application_name=AuthX]
2024-09-20 08:18:24,369 - AuthXEngine - INFO - File: engine.py, Function: __init__, Line: 31 - Engine Configured URL: [postgresql+pg8000://authx_user:***@localhost:5432/authx_db?application_name=AuthX]
2024-09-20 08:20:02,087 - AuthXEngine - INFO - File: engine.py, Function: __init__, Line: 31 - Engine Configured URL: [postgresql+pg8000://authx_user:***@localhost:5432/authx_db?application_name=AuthX]
2024-09-20 08:20:34,150 - AuthXEngine - INFO - File: engine.py, Function: __init__, Line: 31 - Engine Configured URL: [postgresql+pg8000://authx_user:***@localhost:5432/authx_db?application_name=AuthX]
2024-09-20 08:21:15,537 - AuthXEngine - INFO - File: engine.py, Function: __init__, Line: 31 - Engine Configured URL: [postgresql+pg8000://authx_user:***@localhost:5432/authx_db?application_name=AuthX]
2024-09-20 08:22:33,264 - AuthXEngine - INFO - File: engine.py, Function: __init__, Line: 31 - Engine Configured URL: [postgresql+pg8000://authx_user:***@localhost:5432/authx_db?application_name=AuthX]
2024-09-20 08:23:08,604 - AuthXEngine - INFO - File: engine.py, Function: __init__, Line: 31 - Engine Configured URL: [postgresql+pg8000://authx_user:***@localhost:5432/authx_db?application_name=AuthX]
2024-09-20 08:25:04,462 - AuthXEngine - INFO - File: engine.py, Function: __init__, Line: 31 - Engine Configured URL: [postgresql+pg8000://authx_user:***@localhost:5432/authx_db?application_name=AuthX]
2024-09-20 08:25:49,068 - AuthXEngine - INFO - File: engine.py, Function: __init__, Line: 31 - Engine Configured URL: [postgresql+pg8000://authx_user:***@localhost:5432/authx_db?application_name=AuthX]
2024-09-20 08:25:54,190 - AuthXEngine - INFO - File: engine.py, Function: __init__, Line: 31 - Engine Configured URL: [postgresql+pg8000://authx_user:***@localhost:5432/authx_db?application_name=AuthX]
2024-09-20 08:26:35,484 - AuthXEngine - INFO - File: engine.py, Function: __init__, Line: 31 - Engine Configured URL: [postgresql+pg8000://authx_user:***@localhost:5432/authx_db?application_name=AuthX]
2024-09-20 08:27:09,056 - AuthXEngine - INFO - File: engine.py, Function: __init__, Line: 31 - Engine Configured URL: [postgresql+pg8000://authx_user:***@localhost:5432/authx_db?application_name=AuthX]
2024-09-20 08:27:27,124 - AuthXEngine - INFO - File: engine.py, Function: __init__, Line: 31 - Engine Configured URL: [postgresql+pg8000://authx_user:***@localhost:5432/authx_db?application_name=AuthX]
2024-09-20 08:28:03,268 - AuthXEngine - INFO - File: engine.py, Function: __init__, Line: 31 - Engine Configured URL: [postgresql+pg8000://authx_user:***@localhost:5432/authx_db?application_name=AuthX]
2024-09-20 08:31:17,509 - AuthXEngine - INFO - File: engine.py, Function: __init__, Line: 31 - Engine Configured URL: [postgresql+pg8000://authx_user:***@localhost:5432/authx_db?application_name=AuthX]
2024-09-20 08:32:02,180 - AuthXEngine - INFO - File: engine.py, Function: __init__, Line: 31 - Engine Configured URL: [postgresql+pg8000://authx_user:***@localhost:5432/authx_db?application_name=AuthX]
2024-09-20 08:32:21,262 - AuthXEngine - INFO - File: engine.py, Function: __init__, Line: 31 - Engine Configured URL: [postgresql+pg8000://authx_user:***@localhost:5432/authx_db?application_name=AuthX]
2024-09-20 08:32:45,821 - AuthXEngine - INFO - File: engine.py, Function: __init__, Line: 31 - Engine Configured URL: [postgresql+pg8000://authx_user:***@localhost:5432/authx_db?application_name=AuthX]
2024-09-20 08:33:20,169 - AuthXEngine - INFO - File: engine.py, Function: __init__, Line: 31 - Engine Configured URL: [postgresql+pg8000://authx_user:***@localhost:5432/authx_db?application_name=AuthX]
2024-09-20 08:34:23,527 - AuthXEngine - INFO - File: engine.py, Function: __init__, Line: 31 - Engine Configured URL: [postgresql+pg8000://authx_user:***@localhost:5432/authx_db?application_name=AuthX]
2024-09-20 08:35:51,275 - AuthXEngine - INFO - File: engine.py, Function: __init__, Line: 31 - Engine Configured URL: [postgresql+pg8000://authx_user:***@localhost:5432/authx_db?application_name=AuthX]
2024-09-20 08:37:11,473 - AuthXEngine - INFO - File: engine.py, Function: __init__, Line: 31 - Engine Configured URL: [postgresql+pg8000://authx_user:***@localhost:5432/authx_db?application_name=AuthX]
2024-09-20 08:37:16,196 - AuthXEngine - INFO - File: engine.py, Function: __init__, Line: 31 - Engine Configured URL: [postgresql+pg8000://authx_user:***@localhost:5432/authx_db?application_name=AuthX]
2024-09-20 08:38:11,042 - AuthXEngine - INFO - File: engine.py, Function: __init__, Line: 31 - Engine Configured URL: [postgresql+pg8000://authx_user:***@localhost:5432/authx_db?application_name=AuthX]
2024-09-20 08:40:24,822 - AuthXEngine - INFO - File: engine.py, Function: __init__, Line: 31 - Engine Configured URL: [postgresql+pg8000://authx_user:***@localhost:5432/authx_db?application_name=AuthX]
2024-09-20 08:41:15,118 - AuthXEngine - INFO - File: engine.py, Function: __init__, Line: 31 - Engine Configured URL: [postgresql+pg8000://authx_user:***@localhost:5432/authx_db?application_name=AuthX]
2024-09-20 08:43:12,946 - AuthXEngine - INFO - File: engine.py, Function: __init__, Line: 31 - Engine Configured URL: [postgresql+pg8000://authx_user:***@localhost:5432/authx_db?application_name=AuthX]
2024-09-20 08:44:01,060 - AuthXEngine - INFO - File: engine.py, Function: __init__, Line: 31 - Engine Configured URL: [postgresql+pg8000://authx_user:***@localhost:5432/authx_db?application_name=AuthX]
2024-09-20 08:44:25,980 - AuthXEngine - INFO - File: engine.py, Function: __init__, Line: 31 - Engine Configured URL: [postgresql+pg8000://authx_user:***@localhost:5432/authx_db?application_name=AuthX]
2024-09-20 08:44:47,382 - AuthXEngine - INFO - File: engine.py, Function: __init__, Line: 31 - Engine Configured URL: [postgresql+pg8000://authx_user:***@localhost:5432/authx_db?application_name=AuthX]
2024-09-20 08:45:28,082 - AuthXEngine - INFO - File: engine.py, Function: __init__, Line: 31 - Engine Configured URL: [postgresql+pg8000://authx_user:***@localhost:5432/authx_db?application_name=AuthX]
2024-09-20 08:47:47,349 - AuthXEngine - INFO - File: engine.py, Function: __init__, Line: 31 - Engine Configured URL: [postgresql+pg8000://authx_user:***@localhost:5432/authx_db?application_name=AuthX]
2024-09-20 08:49:22,844 - AuthXEngine - INFO - File: engine.py, Function: __init__, Line: 31 - Engine Configured URL: [postgresql+pg8000://authx_user:***@localhost:5432/authx_db?application_name=AuthX]
2024-09-20 08:49:27,367 - AuthXEngine - INFO - File: engine.py, Function: __init__, Line: 31 - Engine Configured URL: [postgresql+pg8000://authx_user:***@localhost:5432/authx_db?application_name=AuthX]
2024-09-20 08:50:19,530 - AuthXEngine - INFO - File: engine.py, Function: __init__, Line: 31 - Engine Configured URL: [postgresql+pg8000://authx_user:***@localhost:5432/authx_db?application_name=AuthX]
2024-09-20 08:51:34,462 - AuthXEngine - INFO - File: engine.py, Function: __init__, Line: 31 - Engine Configured URL: [postgresql+pg8000://authx_user:***@localhost:5432/authx_db?application_name=AuthX]
2024-09-20 08:53:29,378 - AuthXEngine - INFO - File: engine.py, Function: __init__, Line: 31 - Engine Configured URL: [postgresql+pg8000://authx_user:***@localhost:5432/authx_db?application_name=AuthX]
2024-09-20 08:54:53,930 - AuthXEngine - INFO - File: engine.py, Function: __init__, Line: 31 - Engine Configured URL: [postgresql+pg8000://authx_user:***@localhost:5432/authx_db?application_name=AuthX]
2024-09-20 08:57:10,663 - AuthXEngine - INFO - File: engine.py, Function: __init__, Line: 31 - Engine Configured URL: [postgresql+pg8000://authx_user:***@localhost:5432/authx_db?application_name=AuthX]
2024-09-20 08:57:12,020 - AuthXEngine - ERROR - File: __init__.py, Function: session_manager, Line: 15 - (pg8000.dbapi.IntegrityError) {'S': 'ERROR', 'V': 'ERROR', 'C': '23505', 'M': 'duplicate key value violates unique constraint "users_email_key"', 'D': 'Key (email)=(sccsmart261@gmail.com) already exists.', 's': 'public', 't': 'users', 'n': 'users_email_key', 'F': 'nbtinsert.c', 'L': '673', 'R': '_bt_check_unique'}
[SQL: INSERT INTO users (email, password_hash, status, is_verified, role, "_BaseModel__id", created_at, updated_at) VALUES (%s::VARCHAR, %s::VARCHAR, %s, %s::BOOLEAN, %s, %s::UUID, %s::TIMESTAMP WITH TIME ZONE, %s::TIMESTAMP WITH TIME ZONE)]
[parameters: ('sccsmart261@gmail.com', b'$2b$12$.dW4UHryEnhmednfk83pnuXVp//r87Vl6OegCdr4O1OXrirX/UtBW', 'INACTIVE', False, 'USER', UUID('c8626fa1-e6a5-484b-babe-26c441912933'), datetime.datetime(2024, 9, 20, 7, 57, 12, 12551, tzinfo=datetime.timezone.utc), datetime.datetime(2024, 9, 20, 7, 57, 12, 12551, tzinfo=datetime.timezone.utc))]
(Background on this error at: https://sqlalche.me/e/20/gkpj)
2024-09-20 08:58:36,972 - AuthXEngine - ERROR - File: __init__.py, Function: session_manager, Line: 15 - (pg8000.dbapi.IntegrityError) {'S': 'ERROR', 'V': 'ERROR', 'C': '23505', 'M': 'duplicate key value violates unique constraint "users_pkey"', 'D': 'Key ("_BaseModel__id")=(c8626fa1-e6a5-484b-babe-26c441912933) already exists.', 's': 'public', 't': 'users', 'n': 'users_pkey', 'F': 'nbtinsert.c', 'L': '673', 'R': '_bt_check_unique'}
[SQL: INSERT INTO users (email, password_hash, status, is_verified, role, "_BaseModel__id", created_at, updated_at) VALUES (%s::VARCHAR, %s::VARCHAR, %s, %s::BOOLEAN, %s, %s::UUID, %s::TIMESTAMP WITH TIME ZONE, %s::TIMESTAMP WITH TIME ZONE)]
[parameters: ('2829@gmail.com', b'$2b$12$I41NtD7QGXThUfxh8EtWle6IsTxnVbCVHCF63NTBnIYH6RUIAz0ce', 'INACTIVE', False, 'USER', UUID('c8626fa1-e6a5-484b-babe-26c441912933'), datetime.datetime(2024, 9, 20, 7, 58, 36, 966666, tzinfo=datetime.timezone.utc), datetime.datetime(2024, 9, 20, 7, 58, 36, 966666, tzinfo=datetime.timezone.utc))]
(Background on this error at: https://sqlalche.me/e/20/gkpj)
2024-09-20 09:00:46,505 - AuthXEngine - ERROR - File: __init__.py, Function: session_manager, Line: 15 - (pg8000.dbapi.IntegrityError) {'S': 'ERROR', 'V': 'ERROR', 'C': '23505', 'M': 'duplicate key value violates unique constraint "users_pkey"', 'D': 'Key ("_BaseModel__id")=(c8626fa1-e6a5-484b-babe-26c441912933) already exists.', 's': 'public', 't': 'users', 'n': 'users_pkey', 'F': 'nbtinsert.c', 'L': '673', 'R': '_bt_check_unique'}
[SQL: INSERT INTO users (email, password_hash, status, is_verified, role, "_BaseModel__id", created_at, updated_at) VALUES (%s::VARCHAR, %s::VARCHAR, %s, %s::BOOLEAN, %s, %s::UUID, %s::TIMESTAMP WITH TIME ZONE, %s::TIMESTAMP WITH TIME ZONE)]
[parameters: ('emmanuel2829@gmail.com', b'$2b$12$gxvd5d09suPsoUHglyNveOD1biX0Rly32s/C/yiCWh8FeSDBxfhbK', 'INACTIVE', False, 'USER', UUID('c8626fa1-e6a5-484b-babe-26c441912933'), datetime.datetime(2024, 9, 20, 8, 0, 46, 501487, tzinfo=datetime.timezone.utc), datetime.datetime(2024, 9, 20, 8, 0, 46, 501487, tzinfo=datetime.timezone.utc))]
(Background on this error at: https://sqlalche.me/e/20/gkpj)
2024-09-20 09:09:07,463 - AuthXEngine - INFO - File: engine.py, Function: __init__, Line: 31 - Engine Configured URL: [postgresql+pg8000://authx_user:***@localhost:5432/authx_db?application_name=AuthX]
2024-09-20 09:09:11,329 - AuthXEngine - INFO - File: engine.py, Function: __init__, Line: 31 - Engine Configured URL: [postgresql+pg8000://authx_user:***@localhost:5432/authx_db?application_name=AuthX]
2024-09-20 09:17:50,104 - AuthXEngine - INFO - File: engine.py, Function: __init__, Line: 31 - Engine Configured URL: [postgresql+pg8000://authx_user:***@localhost:5432/authx_db?application_name=AuthX]
2024-09-20 09:17:54,544 - AuthXEngine - INFO - File: engine.py, Function: __init__, Line: 31 - Engine Configured URL: [postgresql+pg8000://authx_user:***@localhost:5432/authx_db?application_name=AuthX]
2024-09-20 09:21:07,194 - AuthXEngine - INFO - File: engine.py, Function: __init__, Line: 31 - Engine Configured URL: [postgresql+pg8000://authx_user:***@localhost:5432/authx_db?application_name=AuthX]
2024-09-20 09:35:07,258 - AuthXEngine - INFO - File: engine.py, Function: __init__, Line: 31 - Engine Configured URL: [postgresql+pg8000://authx_user:***@localhost:5432/authx_db?application_name=AuthX]
2024-09-20 09:45:30,927 - AuthXEngine - INFO - File: engine.py, Function: __init__, Line: 31 - Engine Configured URL: [postgresql+pg8000://authx_user:***@localhost:5432/authx_db?application_name=AuthX]
2024-09-20 10:00:05,568 - AuthXEngine - INFO - File: engine.py, Function: __init__, Line: 31 - Engine Configured URL: [postgresql+pg8000://authx_user:***@localhost:5432/authx_db?application_name=AuthX]
2024-09-20 10:04:01,673 - AuthXEngine - INFO - File: engine.py, Function: __init__, Line: 31 - Engine Configured URL: [postgresql+pg8000://authx_user:***@localhost:5432/authx_db?application_name=AuthX]
2024-09-20 10:04:12,049 - AuthXEngine - INFO - File: engine.py, Function: __init__, Line: 31 - Engine Configured URL: [postgresql+pg8000://authx_user:***@localhost:5432/authx_db?application_name=AuthX]
2024-09-20 10:07:49,311 - AuthXEngine - INFO - File: engine.py, Function: __init__, Line: 31 - Engine Configured URL: [postgresql+pg8000://authx_user:***@localhost:5432/authx_db?application_name=AuthX]
2024-09-20 10:34:41,566 - AuthXEngine - INFO - File: engine.py, Function: __init__, Line: 31 - Engine Configured URL: [postgresql+pg8000://authx_user:***@localhost:5432/authx_db?application_name=AuthX]
2024-09-20 10:34:44,379 - AuthXEngine - INFO - File: engine.py, Function: __init__, Line: 31 - Engine Configured URL: [postgresql+pg8000://authx_user:***@localhost:5432/authx_db?application_name=AuthX]
2024-09-20 10:36:12,495 - AuthXEngine - INFO - File: engine.py, Function: __init__, Line: 31 - Engine Configured URL: [postgresql+pg8000://authx_user:***@localhost:5432/authx_db?application_name=AuthX]
2024-09-20 10:36:37,617 - AuthXEngine - INFO - File: engine.py, Function: __init__, Line: 31 - Engine Configured URL: [postgresql+pg8000://authx_user:***@localhost:5432/authx_db?application_name=AuthX]
2024-09-20 10:38:31,297 - AuthXEngine - INFO - File: engine.py, Function: __init__, Line: 31 - Engine Configured URL: [postgresql+pg8000://authx_user:***@localhost:5432/authx_db?application_name=AuthX]
2024-09-20 10:38:40,086 - AuthXEngine - INFO - File: engine.py, Function: __init__, Line: 31 - Engine Configured URL: [postgresql+pg8000://authx_user:***@localhost:5432/authx_db?application_name=AuthX]
2024-09-20 10:47:55,240 - AuthXEngine - INFO - File: engine.py, Function: __init__, Line: 31 - Engine Configured URL: [postgresql+pg8000://authx_user:***@localhost:5432/authx_db?application_name=AuthX]
2024-09-20 10:49:28,644 - AuthXEngine - INFO - File: engine.py, Function: __init__, Line: 31 - Engine Configured URL: [postgresql+pg8000://authx_user:***@localhost:5432/authx_db?application_name=AuthX]
2024-09-20 10:50:15,170 - AuthXEngine - INFO - File: engine.py, Function: __init__, Line: 31 - Engine Configured URL: [postgresql+pg8000://authx_user:***@localhost:5432/authx_db?application_name=AuthX]
2024-09-20 10:59:52,616 - AuthXEngine - INFO - File: engine.py, Function: __init__, Line: 31 - Engine Configured URL: [postgresql+pg8000://authx_user:***@localhost:5432/authx_db?application_name=AuthX]
2024-09-21 05:11:51,924 - AuthXEngine - INFO - File: engine.py, Function: __init__, Line: 31 - Engine Configured URL: [postgresql+pg8000://authx_user:***@localhost:5432/authx_db?application_name=AuthX]
2024-09-21 05:15:52,298 - AuthXEngine - INFO - File: engine.py, Function: __init__, Line: 31 - Engine Configured URL: [postgresql+pg8000://authx_user:***@localhost:5432/authx_db?application_name=AuthX]
2024-09-21 05:15:59,424 - AuthXEngine - INFO - File: engine.py, Function: __init__, Line: 31 - Engine Configured URL: [postgresql+pg8000://authx_user:***@localhost:5432/authx_db?application_name=AuthX]
2024-09-21 05:16:10,889 - AuthXEngine - INFO - File: engine.py, Function: __init__, Line: 31 - Engine Configured URL: [postgresql+pg8000://authx_user:***@localhost:5432/authx_db?application_name=AuthX]
2024-09-21 05:17:03,131 - AuthXEngine - INFO - File: engine.py, Function: __init__, Line: 31 - Engine Configured URL: [postgresql+pg8000://authx_user:***@localhost:5432/authx_db?application_name=AuthX]
2024-09-21 05:18:22,380 - AuthXEngine - INFO - File: engine.py, Function: __init__, Line: 31 - Engine Configured URL: [postgresql+pg8000://authx_user:***@localhost:5432/authx_db?application_name=AuthX]
2024-09-21 05:18:45,115 - AuthXEngine - INFO - File: engine.py, Function: __init__, Line: 31 - Engine Configured URL: [postgresql+pg8000://authx_user:***@localhost:5432/authx_db?application_name=AuthX]
2024-09-21 05:19:52,884 - AuthXEngine - INFO - File: engine.py, Function: __init__, Line: 31 - Engine Configured URL: [postgresql+pg8000://authx_user:***@localhost:5432/authx_db?application_name=AuthX]
2024-09-21 05:22:39,618 - AuthXEngine - INFO - File: engine.py, Function: __init__, Line: 31 - Engine Configured URL: [postgresql+pg8000://authx_user:***@localhost:5432/authx_db?application_name=AuthX]
2024-09-21 05:22:43,755 - AuthXEngine - INFO - File: engine.py, Function: __init__, Line: 31 - Engine Configured URL: [postgresql+pg8000://authx_user:***@localhost:5432/authx_db?application_name=AuthX]
2024-09-21 05:23:38,033 - AuthXEngine - INFO - File: engine.py, Function: __init__, Line: 31 - Engine Configured URL: [postgresql+pg8000://authx_user:***@localhost:5432/authx_db?application_name=AuthX]
2024-09-21 05:24:10,753 - AuthXEngine - INFO - File: engine.py, Function: __init__, Line: 31 - Engine Configured URL: [postgresql+pg8000://authx_user:***@localhost:5432/authx_db?application_name=AuthX]
2024-09-21 05:24:22,565 - AuthXEngine - INFO - File: engine.py, Function: __init__, Line: 31 - Engine Configured URL: [postgresql+pg8000://authx_user:***@localhost:5432/authx_db?application_name=AuthX]
2024-09-21 05:25:31,836 - AuthXEngine - INFO - File: engine.py, Function: __init__, Line: 31 - Engine Configured URL: [postgresql+pg8000://authx_user:***@localhost:5432/authx_db?application_name=AuthX]
2024-09-21 05:25:52,047 - AuthXEngine - INFO - File: engine.py, Function: __init__, Line: 31 - Engine Configured URL: [postgresql+pg8000://authx_user:***@localhost:5432/authx_db?application_name=AuthX]
2024-09-21 05:27:33,940 - AuthXEngine - INFO - File: engine.py, Function: __init__, Line: 31 - Engine Configured URL: [postgresql+pg8000://authx_user:***@localhost:5432/authx_db?application_name=AuthX]
2024-09-21 05:28:18,893 - AuthXEngine - INFO - File: engine.py, Function: __init__, Line: 31 - Engine Configured URL: [postgresql+pg8000://authx_user:***@localhost:5432/authx_db?application_name=AuthX]
2024-09-21 05:47:24,731 - AuthXEngine - INFO - File: engine.py, Function: __init__, Line: 31 - Engine Configured URL: [postgresql+pg8000://authx_user:***@localhost:5432/authx_db?application_name=AuthX]
2024-09-21 05:51:09,187 - AuthXEngine - INFO - File: engine.py, Function: __init__, Line: 31 - Engine Configured URL: [postgresql+pg8000://authx_user:***@localhost:5432/authx_db?application_name=AuthX]
2024-09-21 05:51:13,730 - AuthXEngine - INFO - File: engine.py, Function: __init__, Line: 31 - Engine Configured URL: [postgresql+pg8000://authx_user:***@localhost:5432/authx_db?application_name=AuthX]
2024-09-21 05:52:52,060 - AuthXEngine - INFO - File: engine.py, Function: __init__, Line: 31 - Engine Configured URL: [postgresql+pg8000://authx_user:***@localhost:5432/authx_db?application_name=AuthX]
2024-09-21 05:52:55,968 - AuthXEngine - INFO - File: engine.py, Function: __init__, Line: 31 - Engine Configured URL: [postgresql+pg8000://authx_user:***@localhost:5432/authx_db?application_name=AuthX]
2024-09-21 05:56:43,710 - AuthXEngine - INFO - File: engine.py, Function: __init__, Line: 31 - Engine Configured URL: [postgresql+pg8000://authx_user:***@localhost:5432/authx_db?application_name=AuthX]
2024-09-21 05:59:17,126 - AuthXEngine - INFO - File: engine.py, Function: __init__, Line: 31 - Engine Configured URL: [postgresql+pg8000://authx_user:***@localhost:5432/authx_db?application_name=AuthX]
2024-09-21 05:59:27,040 - AuthXEngine - INFO - File: engine.py, Function: __init__, Line: 31 - Engine Configured URL: [postgresql+pg8000://authx_user:***@localhost:5432/authx_db?application_name=AuthX]
2024-09-21 06:00:13,122 - AuthXEngine - INFO - File: engine.py, Function: __init__, Line: 31 - Engine Configured URL: [postgresql+pg8000://authx_user:***@localhost:5432/authx_db?application_name=AuthX]
2024-09-21 06:00:35,467 - AuthXEngine - INFO - File: engine.py, Function: __init__, Line: 31 - Engine Configured URL: [postgresql+pg8000://authx_user:***@localhost:5432/authx_db?application_name=AuthX]
2024-09-21 06:01:52,771 - AuthXEngine - INFO - File: engine.py, Function: __init__, Line: 31 - Engine Configured URL: [postgresql+pg8000://authx_user:***@localhost:5432/authx_db?application_name=AuthX]
2024-09-21 06:01:57,173 - AuthXEngine - INFO - File: engine.py, Function: __init__, Line: 31 - Engine Configured URL: [postgresql+pg8000://authx_user:***@localhost:5432/authx_db?application_name=AuthX]
2024-09-21 06:10:59,997 - AuthXEngine - INFO - File: engine.py, Function: __init__, Line: 31 - Engine Configured URL: [postgresql+pg8000://authx_user:***@localhost:5432/authx_db?application_name=AuthX]
